{"level":"error","mercadoPagoId":"1324192828","message":"Checkout não encontrado após 3 tentativas","timestamp":"2025-07-26 18:17:09"}
{"action":"payment.created","error":"Checkout não encontrado para mercadoPagoId: 1324192828","level":"error","mercadoPagoId":"1324192828","message":"Erro ao processar webhook","timestamp":"2025-07-26 18:17:09"}
{"externalReference":"VqtbkYNspVD2s2KMUCV8","level":"error","mercadoPagoId":"1324192828","message":"Checkout não encontrado após 3 tentativas","timestamp":"2025-07-26 18:36:47"}
{"action":"payment.created","error":"Checkout não encontrado para mercadoPagoId: 1324192828, externalReference: VqtbkYNspVD2s2KMUCV8","level":"error","mercadoPagoId":"1324192828","message":"Erro ao processar webhook","timestamp":"2025-07-26 18:36:47"}
{"externalReference":"VqtbkYNspVD2s2KMUCV8","level":"error","mercadoPagoId":"1324192828","message":"Checkout não encontrado após 3 tentativas","timestamp":"2025-07-26 19:11:50"}
{"action":"payment.created","error":"Checkout não encontrado para mercadoPagoId: 1324192828, externalReference: VqtbkYNspVD2s2KMUCV8","level":"error","mercadoPagoId":"1324192828","message":"Erro ao processar webhook","timestamp":"2025-07-26 19:11:50"}
{"externalReference":"VqtbkYNspVD2s2KMUCV8","level":"error","mercadoPagoId":"1324192828","message":"Checkout não encontrado após 3 tentativas","timestamp":"2025-07-29 01:21:20"}
{"action":"payment.created","error":"Checkout não encontrado para mercadoPagoId: 1324192828, externalReference: VqtbkYNspVD2s2KMUCV8","level":"error","mercadoPagoId":"1324192828","message":"Erro ao processar webhook","timestamp":"2025-07-29 01:21:20"}
{"action":"payment.updated","error":"Erro desconhecido","level":"error","mercadoPagoId":"123456","message":"Erro ao processar webhook","timestamp":"2025-08-01 16:13:43"}
{"action":"payment.updated","error":"Erro desconhecido","level":"error","mercadoPagoId":"123456","message":"Erro ao processar webhook","timestamp":"2025-08-01 16:15:40"}
{"action":"payment.updated","error":"Erro desconhecido","level":"error","mercadoPagoId":"123456","message":"Erro ao processar webhook","timestamp":"2025-08-01 16:20:47"}
{"externalReference":"5Z6V3xe0ZKZ1vndSx9rI","level":"error","mercadoPagoId":"1339915087","message":"Checkout não encontrado após 3 tentativas","timestamp":"2025-08-01 16:35:58"}
{"action":"payment.created","error":"Checkout não encontrado para mercadoPagoId: 1339915087, externalReference: 5Z6V3xe0ZKZ1vndSx9rI","level":"error","mercadoPagoId":"1339915087","message":"Erro ao processar webhook","timestamp":"2025-08-01 16:35:58"}
{"action":"payment.updated","error":"Erro desconhecido","level":"error","mercadoPagoId":"123456","message":"Erro ao processar webhook","timestamp":"2025-08-01 16:39:32"}
{"externalReference":"4UoEJM7AwDxMXbJsxKB5","level":"error","mercadoPagoId":"1339955979","message":"Checkout não encontrado após 3 tentativas","timestamp":"2025-08-02 15:21:14"}
{"action":"payment.created","error":"Checkout não encontrado para mercadoPagoId: 1339955979, externalReference: 4UoEJM7AwDxMXbJsxKB5","level":"error","mercadoPagoId":"1339955979","message":"Erro ao processar webhook","timestamp":"2025-08-02 15:21:14"}
{"externalReference":"NfvFkMoupKArhOn6kClj","level":"error","mercadoPagoId":"1339964723","message":"Checkout não encontrado após 3 tentativas","timestamp":"2025-08-02 21:04:00"}
{"action":"payment.created","error":"Checkout não encontrado para mercadoPagoId: 1339964723, externalReference: NfvFkMoupKArhOn6kClj","level":"error","mercadoPagoId":"1339964723","message":"Erro ao processar webhook","timestamp":"2025-08-02 21:04:00"}
{"externalReference":"m0DXuvIctYFpB63EmcqY","level":"error","mercadoPagoId":"1324293908","message":"Checkout não encontrado após 3 tentativas","timestamp":"2025-08-03 22:30:53"}
{"action":"payment.created","error":"Checkout não encontrado para mercadoPagoId: 1324293908, externalReference: m0DXuvIctYFpB63EmcqY","level":"error","mercadoPagoId":"1324293908","message":"Erro ao processar webhook","timestamp":"2025-08-03 22:30:53"}
{"externalReference":"U52FIDSfcQpwQ37h0LPM","level":"error","mercadoPagoId":"1324293928","message":"Checkout não encontrado após 3 tentativas","timestamp":"2025-08-03 22:35:26"}
{"action":"payment.created","error":"Checkout não encontrado para mercadoPagoId: 1324293928, externalReference: U52FIDSfcQpwQ37h0LPM","level":"error","mercadoPagoId":"1324293928","message":"Erro ao processar webhook","timestamp":"2025-08-03 22:35:26"}
{"externalReference":"x6pxFgk3ppWZiCVESgVn","level":"error","mercadoPagoId":"1324294010","message":"Checkout não encontrado após 3 tentativas","timestamp":"2025-08-03 22:41:48"}
{"action":"payment.created","error":"Checkout não encontrado para mercadoPagoId: 1324294010, externalReference: x6pxFgk3ppWZiCVESgVn","level":"error","mercadoPagoId":"1324294010","message":"Erro ao processar webhook","timestamp":"2025-08-03 22:41:48"}
{"externalReference":"m0DXuvIctYFpB63EmcqY","level":"error","mercadoPagoId":"1324293908","message":"Checkout não encontrado após 3 tentativas","timestamp":"2025-08-03 23:07:10"}
{"action":"payment.created","error":"Checkout não encontrado para mercadoPagoId: 1324293908, externalReference: m0DXuvIctYFpB63EmcqY","level":"error","mercadoPagoId":"1324293908","message":"Erro ao processar webhook","timestamp":"2025-08-03 23:07:10"}
{"externalReference":"U52FIDSfcQpwQ37h0LPM","level":"error","mercadoPagoId":"1324293928","message":"Checkout não encontrado após 3 tentativas","timestamp":"2025-08-03 23:11:21"}
{"action":"payment.created","error":"Checkout não encontrado para mercadoPagoId: 1324293928, externalReference: U52FIDSfcQpwQ37h0LPM","level":"error","mercadoPagoId":"1324293928","message":"Erro ao processar webhook","timestamp":"2025-08-03 23:11:21"}
{"externalReference":"x6pxFgk3ppWZiCVESgVn","level":"error","mercadoPagoId":"1324294010","message":"Checkout não encontrado após 3 tentativas","timestamp":"2025-08-03 23:15:31"}
{"action":"payment.created","error":"Checkout não encontrado para mercadoPagoId: 1324294010, externalReference: x6pxFgk3ppWZiCVESgVn","level":"error","mercadoPagoId":"1324294010","message":"Erro ao processar webhook","timestamp":"2025-08-03 23:15:31"}
{"externalReference":"4c7wBBDTOacjGLvfXRUS","level":"error","mercadoPagoId":"1324280064","message":"Checkout não encontrado após 3 tentativas","timestamp":"2025-08-04 03:51:55"}
{"action":"payment.created","error":"Checkout não encontrado para mercadoPagoId: 1324280064, externalReference: 4c7wBBDTOacjGLvfXRUS","level":"error","mercadoPagoId":"1324280064","message":"Erro ao processar webhook","timestamp":"2025-08-04 03:51:55"}
{"externalReference":"m0DXuvIctYFpB63EmcqY","level":"error","mercadoPagoId":"1324293908","message":"Checkout não encontrado após 3 tentativas","timestamp":"2025-08-04 05:11:13"}
{"action":"payment.created","error":"Checkout não encontrado para mercadoPagoId: 1324293908, externalReference: m0DXuvIctYFpB63EmcqY","level":"error","mercadoPagoId":"1324293908","message":"Erro ao processar webhook","timestamp":"2025-08-04 05:11:13"}
{"externalReference":"U52FIDSfcQpwQ37h0LPM","level":"error","mercadoPagoId":"1324293928","message":"Checkout não encontrado após 3 tentativas","timestamp":"2025-08-04 05:15:53"}
{"action":"payment.created","error":"Checkout não encontrado para mercadoPagoId: 1324293928, externalReference: U52FIDSfcQpwQ37h0LPM","level":"error","mercadoPagoId":"1324293928","message":"Erro ao processar webhook","timestamp":"2025-08-04 05:15:53"}
{"externalReference":"x6pxFgk3ppWZiCVESgVn","level":"error","mercadoPagoId":"1324294010","message":"Checkout não encontrado após 3 tentativas","timestamp":"2025-08-04 05:21:16"}
{"action":"payment.created","error":"Checkout não encontrado para mercadoPagoId: 1324294010, externalReference: x6pxFgk3ppWZiCVESgVn","level":"error","mercadoPagoId":"1324294010","message":"Erro ao processar webhook","timestamp":"2025-08-04 05:21:16"}
{"level":"error","message":"Assinatura inválida","timestamp":"2025-08-05 11:03:40"}
{"level":"error","message":"Assinatura inválida","timestamp":"2025-08-05 11:04:26"}
{"level":"error","message":"Assinatura inválida","timestamp":"2025-08-05 11:04:26"}
{"action":"payment.created","error":"Erro desconhecido","level":"error","mercadoPagoId":"121089721082","message":"Erro ao processar webhook","timestamp":"2025-08-05 11:08:23"}
{"action":"payment.created","error":"Erro desconhecido","level":"error","mercadoPagoId":"121089721082","message":"Erro ao processar webhook","timestamp":"2025-08-05 11:09:03"}
{"action":"payment.created","error":"Erro desconhecido","level":"error","mercadoPagoId":"121089721082","message":"Erro ao processar webhook","timestamp":"2025-08-05 11:09:03"}
{"level":"error","message":"Assinatura inválida","timestamp":"2025-08-05 11:20:07"}
{"level":"error","message":"Assinatura inválida","timestamp":"2025-08-05 11:20:08"}
{"level":"error","message":"Assinatura inválida","timestamp":"2025-08-05 11:20:08"}
{"level":"error","message":"Assinatura inválida","timestamp":"2025-08-05 11:20:08"}
{"level":"error","message":"Assinatura inválida","timestamp":"2025-08-05 11:20:09"}
{"level":"error","message":"Assinatura inválida","timestamp":"2025-08-05 11:20:09"}
{"level":"error","message":"Assinatura inválida","timestamp":"2025-08-05 11:20:52"}
{"level":"error","message":"Assinatura inválida","timestamp":"2025-08-05 11:20:52"}
{"level":"error","message":"Assinatura inválida","timestamp":"2025-08-05 11:20:52"}
{"level":"error","message":"Assinatura inválida","timestamp":"2025-08-05 11:20:53"}
{"error":"Cannot read properties of undefined (reading 'findByCode')","level":"error","message":"Erro no CreateManualCheckoutUseCase:","timestamp":"2025-09-17 09:54:06"}
{"error":"Cannot read properties of undefined (reading 'findByCode')","level":"error","message":"Erro no CreateManualCheckoutUseCase:","timestamp":"2025-09-17 09:54:33"}
{"error":"Cannot read properties of undefined (reading 'findByCode')","level":"error","message":"Erro no CreateManualCheckoutUseCase:","timestamp":"2025-09-17 09:56:02"}
{"checkoutId":"3KaHdYnHh9Oh2ODXBlId","error":"Can't send mail - all recipients were rejected: 553-5.1.3 The recipient address <bertohf5@gmail.com.> is not a valid RFC 5321\n553-5.1.3 address. For more information, go to\n553-5.1.3  https://support.google.com/a/answer/3221692 and review RFC 5321\n553 5.1.3 specifications. d9443c01a7336-2698016bf11sm25786845ad.34 - gsmtp","eventName":"verano-talk-2025","level":"error","message":"Erro ao enviar e-mail para bertohf5@gmail.com.","timestamp":"2025-09-18 10:24:32"}
{"checkoutId":"3KaHdYnHh9Oh2ODXBlId","email":"bertohf5@gmail.com.","error":"Falha ao enviar e-mail: Error: Can't send mail - all recipients were rejected: 553-5.1.3 The recipient address <bertohf5@gmail.com.> is not a valid RFC 5321\n553-5.1.3 address. For more information, go to\n553-5.1.3  https://support.google.com/a/answer/3221692 and review RFC 5321\n553 5.1.3 specifications. d9443c01a7336-2698016bf11sm25786845ad.34 - gsmtp","level":"error","message":"Falha ao enviar e-mail de confirmação","timestamp":"2025-09-18 10:24:32"}
{"checkoutId":"hLyjVyWHFaFvR0ShcQhK","error":"Can't send mail - all recipients were rejected: 553-5.1.3 The recipient address <bertohf5@gmail.com.> is not a valid RFC 5321\n553-5.1.3 address. For more information, go to\n553-5.1.3  https://support.google.com/a/answer/3221692 and review RFC 5321\n553 5.1.3 specifications. d2e1a72fcca58-77cfc72b9f5sm3496311b3a.42 - gsmtp","eventName":"verano-talk-2025","level":"error","message":"Erro ao enviar e-mail para bertohf5@gmail.com.","timestamp":"2025-09-18 21:51:44"}
{"checkoutId":"hLyjVyWHFaFvR0ShcQhK","email":"bertohf5@gmail.com.","error":"Falha ao enviar e-mail: Error: Can't send mail - all recipients were rejected: 553-5.1.3 The recipient address <bertohf5@gmail.com.> is not a valid RFC 5321\n553-5.1.3 address. For more information, go to\n553-5.1.3  https://support.google.com/a/answer/3221692 and review RFC 5321\n553 5.1.3 specifications. d2e1a72fcca58-77cfc72b9f5sm3496311b3a.42 - gsmtp","level":"error","message":"Falha ao enviar e-mail de confirmação","timestamp":"2025-09-18 21:51:44"}
{"checkoutId":"IPgzLNauWFGrJrobj0PZ","error":"Can't send mail - all recipients were rejected: 553-5.1.3 The recipient address <bertohf5@gmail.com.> is not a valid RFC 5321\n553-5.1.3 address. For more information, go to\n553-5.1.3  https://support.google.com/a/answer/3221692 and review RFC 5321\n553 5.1.3 specifications. d2e1a72fcca58-77cfc72b227sm3519182b3a.46 - gsmtp","eventName":"verano-talk-2025","level":"error","message":"Erro ao enviar e-mail para bertohf5@gmail.com.","timestamp":"2025-09-18 21:56:05"}
{"checkoutId":"IPgzLNauWFGrJrobj0PZ","email":"bertohf5@gmail.com.","error":"Falha ao enviar e-mail: Error: Can't send mail - all recipients were rejected: 553-5.1.3 The recipient address <bertohf5@gmail.com.> is not a valid RFC 5321\n553-5.1.3 address. For more information, go to\n553-5.1.3  https://support.google.com/a/answer/3221692 and review RFC 5321\n553 5.1.3 specifications. d2e1a72fcca58-77cfc72b227sm3519182b3a.46 - gsmtp","level":"error","message":"Falha ao enviar e-mail de confirmação","timestamp":"2025-09-18 21:56:05"}
{"checkoutId":"GC5uLpuBaOgKlxHYsMUk","error":"Can't send mail - all recipients were rejected: 553-5.1.3 The recipient address <bertohf5@gmail.com.> is not a valid RFC 5321\n553-5.1.3 address. For more information, go to\n553-5.1.3  https://support.google.com/a/answer/3221692 and review RFC 5321\n553 5.1.3 specifications. d9443c01a7336-269803303fesm37541265ad.122 - gsmtp","eventName":"verano-talk-2025","level":"error","message":"Erro ao enviar e-mail para bertohf5@gmail.com.","timestamp":"2025-09-18 21:59:15"}
{"checkoutId":"GC5uLpuBaOgKlxHYsMUk","email":"bertohf5@gmail.com.","error":"Falha ao enviar e-mail: Error: Can't send mail - all recipients were rejected: 553-5.1.3 The recipient address <bertohf5@gmail.com.> is not a valid RFC 5321\n553-5.1.3 address. For more information, go to\n553-5.1.3  https://support.google.com/a/answer/3221692 and review RFC 5321\n553 5.1.3 specifications. d9443c01a7336-269803303fesm37541265ad.122 - gsmtp","level":"error","message":"Falha ao enviar e-mail de confirmação","timestamp":"2025-09-18 21:59:15"}
{"checkoutId":"O1wwzjuIrG3AeuFumzlK","error":"Can't send mail - all recipients were rejected: 553-5.1.3 The recipient address <bertohf5@gmail.com.> is not a valid RFC 5321\n553-5.1.3 address. For more information, go to\n553-5.1.3  https://support.google.com/a/answer/3221692 and review RFC 5321\n553 5.1.3 specifications. d2e1a72fcca58-77cfc24614dsm3592917b3a.31 - gsmtp","eventName":"verano-talk-2025","level":"error","message":"Erro ao enviar e-mail para bertohf5@gmail.com.","timestamp":"2025-09-18 21:59:50"}
{"checkoutId":"O1wwzjuIrG3AeuFumzlK","email":"bertohf5@gmail.com.","error":"Falha ao enviar e-mail: Error: Can't send mail - all recipients were rejected: 553-5.1.3 The recipient address <bertohf5@gmail.com.> is not a valid RFC 5321\n553-5.1.3 address. For more information, go to\n553-5.1.3  https://support.google.com/a/answer/3221692 and review RFC 5321\n553 5.1.3 specifications. d2e1a72fcca58-77cfc24614dsm3592917b3a.31 - gsmtp","level":"error","message":"Falha ao enviar e-mail de confirmação","timestamp":"2025-09-18 21:59:50"}
{"checkoutId":"Qe2Z4y1neuDk0k9sU2Su","error":"Can't send mail - all recipients were rejected: 553-5.1.3 The recipient address <fsantiago369@gmail.com.> is not a valid RFC\n553-5.1.3 5321 address. For more information, go to\n553-5.1.3  https://support.google.com/a/answer/3221692 and review RFC 5321\n553 5.1.3 specifications. d9443c01a7336-2698016da85sm68919425ad.50 - gsmtp","eventName":"verano-talk-2025","level":"error","message":"Erro ao enviar e-mail para fsantiago369@gmail.com.","timestamp":"2025-09-20 00:27:27"}
{"checkoutId":"Qe2Z4y1neuDk0k9sU2Su","email":"fsantiago369@gmail.com.","error":"Falha ao enviar e-mail: Error: Can't send mail - all recipients were rejected: 553-5.1.3 The recipient address <fsantiago369@gmail.com.> is not a valid RFC\n553-5.1.3 5321 address. For more information, go to\n553-5.1.3  https://support.google.com/a/answer/3221692 and review RFC 5321\n553 5.1.3 specifications. d9443c01a7336-2698016da85sm68919425ad.50 - gsmtp","level":"error","message":"Falha ao enviar e-mail de confirmação","timestamp":"2025-09-20 00:27:27"}
